Arguments: 
  /Users/tran/.nvm/versions/node/v12.22.6/bin/node /Users/tran/.nvm/versions/node/v12.22.6/bin/yarn install

PATH: 
  /Users/tran/.nvm/versions/node/v12.22.6/bin:/usr/local/opt/node@10/bin:/anaconda3/bin:/Users/tran/.nvm/versions/node/v10.22.1/bin:/usr/local/opt/node@8/bin:/usr/local/cuda/lib:/usr/local/cuda/extras/CUPTI/lib:/usr/local/bin:/usr/bin:/bin:/usr/sbin:/sbin:/Applications/VMware Fusion.app/Contents/Public:/Library/TeX/texbin:/usr/local/go/bin:/usr/local/MacGPG2/bin:/opt/X11/bin:/Library/Apple/usr/bin:/usr/local/opt/node@10/bin:/Users/tran/anaconda3/condabin:/anaconda3/bin:/Users/tran/.nvm/versions/node/v10.22.1/bin:/usr/local/opt/node@8/bin:/usr/local/cuda/lib:/usr/local/cuda/extras/CUPTI/lib:/Developer/NVIDIA/CUDA-9.1/bin:/Users/tran/dev/classpath/gcc-arm/bin:/Users/tran/.fzf/bin:/Developer/NVIDIA/CUDA-9.1/bin:/Users/tran/dev/classpath/gcc-arm/bin

Yarn version: 
  1.22.17

Node version: 
  12.22.6

Platform: 
  darwin x64

Trace: 
  SyntaxError: /Users/tran/dev/necrobits/aggregator.js/package.json: Unexpected token } in JSON at position 432
      at JSON.parse (<anonymous>)
      at /Users/tran/.nvm/versions/node/v12.22.6/lib/node_modules/yarn/lib/cli.js:1625:59
      at Generator.next (<anonymous>)
      at step (/Users/tran/.nvm/versions/node/v12.22.6/lib/node_modules/yarn/lib/cli.js:310:30)
      at /Users/tran/.nvm/versions/node/v12.22.6/lib/node_modules/yarn/lib/cli.js:321:13

npm manifest: 
  {
    "name": "@necrobits/aggregator",
    "version": "0.1.2",
    "description": "Typescript/Javascript aggregator component",
    "main": "./lib/cjs/index.js",
    "module": "./lib/esm/index.js",
    "types": "./lib/esm/index.d.ts",
    "files": [
      "lib",
      "README.md",
      "LICENSE"
    ],
    "scripts": {
      "build": "yarn build:esm && yarn build:cjs",
      "build:esm": "tsc",
      "build:cjs": "tsc --module commonjs --outDir lib/cjs",
    },
    "repository": {
      "type": "git",
      "url": "git+https://github.com/necrobits/aggregator.js.git"
    },
    "keywords": [
      "aggregator"
    ],
    "author": "Phuc Tran",
    "license": "MIT",
    "bugs": {
      "url": "https://github.com/necrobits/aggregator.js/issues"
    },
    "homepage": "https://github.com/necrobits/aggregator.js#readme",
    "dependencies": {
      "lodash": "^4.17.21"
    },
    "devDependencies": {
      "typescript": "^4.5.5"
    }
  }

yarn manifest: 
  No manifest

Lockfile: 
  # THIS IS AN AUTOGENERATED FILE. DO NOT EDIT THIS FILE DIRECTLY.
  # yarn lockfile v1
  
  
  lodash@^4.17.21:
    version "4.17.21"
    resolved "https://registry.yarnpkg.com/lodash/-/lodash-4.17.21.tgz#679591c564c3bffaae8454cf0b3df370c3d6911c"
    integrity sha512-v2kDEe57lecTulaDIuNTPy3Ry4gLGJ6Z1O3vE1krgXZNrsQ+LFTGHVxVjcXPs17LhbZVGedAJv8XZ1tvj5FvSg==
  
  typescript@^4.5.5:
    version "4.5.5"
    resolved "https://registry.yarnpkg.com/typescript/-/typescript-4.5.5.tgz#d8c953832d28924a9e3d37c73d729c846c5896f3"
    integrity sha512-TCTIul70LyWe6IJWT8QSYeA54WQe8EjQFU4wY52Fasj5UKx88LNYKCgBEHcOMOrFF1rKGbD8v/xcNWVUq9SymA==
